This is pdfTeX, Version 3.14159265-2.6-1.40.20 (TeX Live 2019/Debian) (preloaded format=pdflatex 2021.10.7)  26 JAN 2022 17:01
entering extended mode
 restricted \write18 enabled.
 %&-line parsing enabled.
**main.tex
(./main.tex
LaTeX2e <2020-02-02> patch level 2
L3 programming layer <2020-02-14>
\@input{document_config.aux}
\openout2 = `document_config.aux'.

(./document_config.tex
(/usr/share/texlive/texmf-dist/tex/latex/beamer/beamer.cls
Document Class: beamer 2019/09/29 v3.57 A class for typesetting presentations
(/usr/share/texlive/texmf-dist/tex/latex/beamer/beamerbasemodes.sty
(/usr/share/texlive/texmf-dist/tex/latex/etoolbox/etoolbox.sty
Package: etoolbox 2019/09/21 v2.5h e-TeX tools for LaTeX (JAW)
\etb@tempcnta=\count167
)
\beamer@tempbox=\box45
\beamer@tempcount=\count168
\c@beamerpauses=\count169

(/usr/share/texlive/texmf-dist/tex/latex/beamer/beamerbasedecode.sty
\beamer@slideinframe=\count170
\beamer@minimum=\count171
\beamer@decode@box=\box46
)
\beamer@commentbox=\box47
\beamer@modecount=\count172
)
(/usr/share/texlive/texmf-dist/tex/generic/iftex/ifpdf.sty
Package: ifpdf 2019/10/25 v3.4 ifpdf legacy package. Use iftex instead.

(/usr/share/texlive/texmf-dist/tex/generic/iftex/iftex.sty
Package: iftex 2019/11/07 v1.0c TeX engine tests
))
\headdp=\dimen134
\footheight=\dimen135
\sidebarheight=\dimen136
\beamer@tempdim=\dimen137
\beamer@finalheight=\dimen138
\beamer@animht=\dimen139
\beamer@animdp=\dimen140
\beamer@animwd=\dimen141
\beamer@leftmargin=\dimen142
\beamer@rightmargin=\dimen143
\beamer@leftsidebar=\dimen144
\beamer@rightsidebar=\dimen145
\beamer@boxsize=\dimen146
\beamer@vboxoffset=\dimen147
\beamer@descdefault=\dimen148
\beamer@descriptionwidth=\dimen149
\beamer@lastskip=\skip47
\beamer@areabox=\box48
\beamer@animcurrent=\box49
\beamer@animshowbox=\box50
\beamer@sectionbox=\box51
\beamer@logobox=\box52
\beamer@linebox=\box53
\beamer@sectioncount=\count173
\beamer@subsubsectionmax=\count174
\beamer@subsectionmax=\count175
\beamer@sectionmax=\count176
\beamer@totalheads=\count177
\beamer@headcounter=\count178
\beamer@partstartpage=\count179
\beamer@sectionstartpage=\count180
\beamer@subsectionstartpage=\count181
\beamer@animationtempa=\count182
\beamer@animationtempb=\count183
\beamer@xpos=\count184
\beamer@ypos=\count185
\beamer@ypos@offset=\count186
\beamer@showpartnumber=\count187
\beamer@currentsubsection=\count188
\beamer@coveringdepth=\count189
\beamer@sectionadjust=\count190
\beamer@tocsectionnumber=\count191

(/usr/share/texlive/texmf-dist/tex/latex/beamer/beamerbaseoptions.sty
(/usr/share/texlive/texmf-dist/tex/latex/graphics/keyval.sty
Package: keyval 2014/10/28 v1.15 key=value parser (DPC)
\KV@toks@=\toks14
))
\beamer@paperwidth=\skip48
\beamer@paperheight=\skip49

(/usr/share/texlive/texmf-dist/tex/latex/geometry/geometry.sty
Package: geometry 2020/01/02 v5.9 Page Geometry

(/usr/share/texlive/texmf-dist/tex/generic/iftex/ifvtex.sty
Package: ifvtex 2019/10/25 v1.7 ifvtex legacy package. Use iftex instead.
)
\Gm@cnth=\count192
\Gm@cntv=\count193
\c@Gm@tempcnt=\count194
\Gm@bindingoffset=\dimen150
\Gm@wd@mp=\dimen151
\Gm@odd@mp=\dimen152
\Gm@even@mp=\dimen153
\Gm@layoutwidth=\dimen154
\Gm@layoutheight=\dimen155
\Gm@layouthoffset=\dimen156
\Gm@layoutvoffset=\dimen157
\Gm@dimlist=\toks15
)
(/usr/share/texlive/texmf-dist/tex/latex/base/size10.clo
File: size10.clo 2019/12/20 v1.4l Standard LaTeX file (size option)
)
(/usr/share/texlive/texmf-dist/tex/latex/pgf/basiclayer/pgfcore.sty
(/usr/share/texlive/texmf-dist/tex/latex/graphics/graphicx.sty
Package: graphicx 2019/11/30 v1.2a Enhanced LaTeX Graphics (DPC,SPQR)

(/usr/share/texlive/texmf-dist/tex/latex/graphics/graphics.sty
Package: graphics 2019/11/30 v1.4a Standard LaTeX Graphics (DPC,SPQR)

(/usr/share/texlive/texmf-dist/tex/latex/graphics/trig.sty
Package: trig 2016/01/03 v1.10 sin cos tan (DPC)
)
(/usr/share/texlive/texmf-dist/tex/latex/graphics-cfg/graphics.cfg
File: graphics.cfg 2016/06/04 v1.11 sample graphics configuration
)
Package graphics Info: Driver file: pdftex.def on input line 105.

(/usr/share/texlive/texmf-dist/tex/latex/graphics-def/pdftex.def
File: pdftex.def 2018/01/08 v1.0l Graphics/color driver for pdftex
))
\Gin@req@height=\dimen158
\Gin@req@width=\dimen159
)
(/usr/share/texlive/texmf-dist/tex/latex/pgf/systemlayer/pgfsys.sty
(/usr/share/texlive/texmf-dist/tex/latex/pgf/utilities/pgfrcs.sty
(/usr/share/texlive/texmf-dist/tex/generic/pgf/utilities/pgfutil-common.tex
\pgfutil@everybye=\toks16
\pgfutil@tempdima=\dimen160
\pgfutil@tempdimb=\dimen161

(/usr/share/texlive/texmf-dist/tex/generic/pgf/utilities/pgfutil-common-lists.t
ex)) (/usr/share/texlive/texmf-dist/tex/generic/pgf/utilities/pgfutil-latex.def
\pgfutil@abb=\box54
(/usr/share/texlive/texmf-dist/tex/latex/ms/everyshi.sty
Package: everyshi 2001/05/15 v3.00 EveryShipout Package (MS)
))
(/usr/share/texlive/texmf-dist/tex/generic/pgf/utilities/pgfrcs.code.tex
(/usr/share/texlive/texmf-dist/tex/generic/pgf/pgf.revision.tex)
Package: pgfrcs 2020/01/08 v3.1.5b (3.1.5b)
))
(/usr/share/texlive/texmf-dist/tex/generic/pgf/systemlayer/pgfsys.code.tex
Package: pgfsys 2020/01/08 v3.1.5b (3.1.5b)

(/usr/share/texlive/texmf-dist/tex/generic/pgf/utilities/pgfkeys.code.tex
\pgfkeys@pathtoks=\toks17
\pgfkeys@temptoks=\toks18

(/usr/share/texlive/texmf-dist/tex/generic/pgf/utilities/pgfkeysfiltered.code.t
ex
\pgfkeys@tmptoks=\toks19
))
\pgf@x=\dimen162
\pgf@y=\dimen163
\pgf@xa=\dimen164
\pgf@ya=\dimen165
\pgf@xb=\dimen166
\pgf@yb=\dimen167
\pgf@xc=\dimen168
\pgf@yc=\dimen169
\pgf@xd=\dimen170
\pgf@yd=\dimen171
\w@pgf@writea=\write3
\r@pgf@reada=\read2
\c@pgf@counta=\count195
\c@pgf@countb=\count196
\c@pgf@countc=\count197
\c@pgf@countd=\count198
\t@pgf@toka=\toks20
\t@pgf@tokb=\toks21
\t@pgf@tokc=\toks22
\pgf@sys@id@count=\count199
 (/usr/share/texlive/texmf-dist/tex/generic/pgf/systemlayer/pgf.cfg
File: pgf.cfg 2020/01/08 v3.1.5b (3.1.5b)
)
Driver file for pgf: pgfsys-pdftex.def

(/usr/share/texlive/texmf-dist/tex/generic/pgf/systemlayer/pgfsys-pdftex.def
File: pgfsys-pdftex.def 2020/01/08 v3.1.5b (3.1.5b)

(/usr/share/texlive/texmf-dist/tex/generic/pgf/systemlayer/pgfsys-common-pdf.de
f
File: pgfsys-common-pdf.def 2020/01/08 v3.1.5b (3.1.5b)
)))
(/usr/share/texlive/texmf-dist/tex/generic/pgf/systemlayer/pgfsyssoftpath.code.
tex
File: pgfsyssoftpath.code.tex 2020/01/08 v3.1.5b (3.1.5b)
\pgfsyssoftpath@smallbuffer@items=\count266
\pgfsyssoftpath@bigbuffer@items=\count267
)
(/usr/share/texlive/texmf-dist/tex/generic/pgf/systemlayer/pgfsysprotocol.code.
tex
File: pgfsysprotocol.code.tex 2020/01/08 v3.1.5b (3.1.5b)
)) (/usr/share/texlive/texmf-dist/tex/latex/xcolor/xcolor.sty
Package: xcolor 2016/05/11 v2.12 LaTeX color extensions (UK)

(/usr/share/texlive/texmf-dist/tex/latex/graphics-cfg/color.cfg
File: color.cfg 2016/01/02 v1.6 sample color configuration
)
Package xcolor Info: Driver file: pdftex.def on input line 225.
Package xcolor Info: Model `cmy' substituted by `cmy0' on input line 1348.
Package xcolor Info: Model `hsb' substituted by `rgb' on input line 1352.
Package xcolor Info: Model `RGB' extended on input line 1364.
Package xcolor Info: Model `HTML' substituted by `rgb' on input line 1366.
Package xcolor Info: Model `Hsb' substituted by `hsb' on input line 1367.
Package xcolor Info: Model `tHsb' substituted by `hsb' on input line 1368.
Package xcolor Info: Model `HSB' substituted by `hsb' on input line 1369.
Package xcolor Info: Model `Gray' substituted by `gray' on input line 1370.
Package xcolor Info: Model `wave' substituted by `hsb' on input line 1371.
)
(/usr/share/texlive/texmf-dist/tex/generic/pgf/basiclayer/pgfcore.code.tex
Package: pgfcore 2020/01/08 v3.1.5b (3.1.5b)

(/usr/share/texlive/texmf-dist/tex/generic/pgf/math/pgfmath.code.tex
(/usr/share/texlive/texmf-dist/tex/generic/pgf/math/pgfmathcalc.code.tex
(/usr/share/texlive/texmf-dist/tex/generic/pgf/math/pgfmathutil.code.tex)
(/usr/share/texlive/texmf-dist/tex/generic/pgf/math/pgfmathparser.code.tex
\pgfmath@dimen=\dimen172
\pgfmath@count=\count268
\pgfmath@box=\box55
\pgfmath@toks=\toks23
\pgfmath@stack@operand=\toks24
\pgfmath@stack@operation=\toks25
)
(/usr/share/texlive/texmf-dist/tex/generic/pgf/math/pgfmathfunctions.code.tex
(/usr/share/texlive/texmf-dist/tex/generic/pgf/math/pgfmathfunctions.basic.code
.tex)
(/usr/share/texlive/texmf-dist/tex/generic/pgf/math/pgfmathfunctions.trigonomet
ric.code.tex)
(/usr/share/texlive/texmf-dist/tex/generic/pgf/math/pgfmathfunctions.random.cod
e.tex)
(/usr/share/texlive/texmf-dist/tex/generic/pgf/math/pgfmathfunctions.comparison
.code.tex)
(/usr/share/texlive/texmf-dist/tex/generic/pgf/math/pgfmathfunctions.base.code.
tex)
(/usr/share/texlive/texmf-dist/tex/generic/pgf/math/pgfmathfunctions.round.code
.tex)
(/usr/share/texlive/texmf-dist/tex/generic/pgf/math/pgfmathfunctions.misc.code.
tex)
(/usr/share/texlive/texmf-dist/tex/generic/pgf/math/pgfmathfunctions.integerari
thmetics.code.tex)))
(/usr/share/texlive/texmf-dist/tex/generic/pgf/math/pgfmathfloat.code.tex
\c@pgfmathroundto@lastzeros=\count269
))
(/usr/share/texlive/texmf-dist/tex/generic/pgf/math/pgfint.code.tex)
(/usr/share/texlive/texmf-dist/tex/generic/pgf/basiclayer/pgfcorepoints.code.te
x
File: pgfcorepoints.code.tex 2020/01/08 v3.1.5b (3.1.5b)
\pgf@picminx=\dimen173
\pgf@picmaxx=\dimen174
\pgf@picminy=\dimen175
\pgf@picmaxy=\dimen176
\pgf@pathminx=\dimen177
\pgf@pathmaxx=\dimen178
\pgf@pathminy=\dimen179
\pgf@pathmaxy=\dimen180
\pgf@xx=\dimen181
\pgf@xy=\dimen182
\pgf@yx=\dimen183
\pgf@yy=\dimen184
\pgf@zx=\dimen185
\pgf@zy=\dimen186
)
(/usr/share/texlive/texmf-dist/tex/generic/pgf/basiclayer/pgfcorepathconstruct.
code.tex
File: pgfcorepathconstruct.code.tex 2020/01/08 v3.1.5b (3.1.5b)
\pgf@path@lastx=\dimen187
\pgf@path@lasty=\dimen188
)
(/usr/share/texlive/texmf-dist/tex/generic/pgf/basiclayer/pgfcorepathusage.code
.tex
File: pgfcorepathusage.code.tex 2020/01/08 v3.1.5b (3.1.5b)
\pgf@shorten@end@additional=\dimen189
\pgf@shorten@start@additional=\dimen190
)
(/usr/share/texlive/texmf-dist/tex/generic/pgf/basiclayer/pgfcorescopes.code.te
x
File: pgfcorescopes.code.tex 2020/01/08 v3.1.5b (3.1.5b)
\pgfpic=\box56
\pgf@hbox=\box57
\pgf@layerbox@main=\box58
\pgf@picture@serial@count=\count270
)
(/usr/share/texlive/texmf-dist/tex/generic/pgf/basiclayer/pgfcoregraphicstate.c
ode.tex
File: pgfcoregraphicstate.code.tex 2020/01/08 v3.1.5b (3.1.5b)
\pgflinewidth=\dimen191
)
(/usr/share/texlive/texmf-dist/tex/generic/pgf/basiclayer/pgfcoretransformation
s.code.tex
File: pgfcoretransformations.code.tex 2020/01/08 v3.1.5b (3.1.5b)
\pgf@pt@x=\dimen192
\pgf@pt@y=\dimen193
\pgf@pt@temp=\dimen194
)
(/usr/share/texlive/texmf-dist/tex/generic/pgf/basiclayer/pgfcorequick.code.tex
File: pgfcorequick.code.tex 2020/01/08 v3.1.5b (3.1.5b)
)
(/usr/share/texlive/texmf-dist/tex/generic/pgf/basiclayer/pgfcoreobjects.code.t
ex
File: pgfcoreobjects.code.tex 2020/01/08 v3.1.5b (3.1.5b)
)
(/usr/share/texlive/texmf-dist/tex/generic/pgf/basiclayer/pgfcorepathprocessing
.code.tex
File: pgfcorepathprocessing.code.tex 2020/01/08 v3.1.5b (3.1.5b)
)
(/usr/share/texlive/texmf-dist/tex/generic/pgf/basiclayer/pgfcorearrows.code.te
x
File: pgfcorearrows.code.tex 2020/01/08 v3.1.5b (3.1.5b)
\pgfarrowsep=\dimen195
)
(/usr/share/texlive/texmf-dist/tex/generic/pgf/basiclayer/pgfcoreshade.code.tex
File: pgfcoreshade.code.tex 2020/01/08 v3.1.5b (3.1.5b)
\pgf@max=\dimen196
\pgf@sys@shading@range@num=\count271
\pgf@shadingcount=\count272
)
(/usr/share/texlive/texmf-dist/tex/generic/pgf/basiclayer/pgfcoreimage.code.tex
File: pgfcoreimage.code.tex 2020/01/08 v3.1.5b (3.1.5b)

(/usr/share/texlive/texmf-dist/tex/generic/pgf/basiclayer/pgfcoreexternal.code.
tex
File: pgfcoreexternal.code.tex 2020/01/08 v3.1.5b (3.1.5b)
\pgfexternal@startupbox=\box59
))
(/usr/share/texlive/texmf-dist/tex/generic/pgf/basiclayer/pgfcorelayers.code.te
x
File: pgfcorelayers.code.tex 2020/01/08 v3.1.5b (3.1.5b)
)
(/usr/share/texlive/texmf-dist/tex/generic/pgf/basiclayer/pgfcoretransparency.c
ode.tex
File: pgfcoretransparency.code.tex 2020/01/08 v3.1.5b (3.1.5b)
)
(/usr/share/texlive/texmf-dist/tex/generic/pgf/basiclayer/pgfcorepatterns.code.
tex
File: pgfcorepatterns.code.tex 2020/01/08 v3.1.5b (3.1.5b)
)
(/usr/share/texlive/texmf-dist/tex/generic/pgf/basiclayer/pgfcorerdf.code.tex
File: pgfcorerdf.code.tex 2020/01/08 v3.1.5b (3.1.5b)
))) (/usr/share/texlive/texmf-dist/tex/latex/pgf/utilities/xxcolor.sty
Package: xxcolor 2003/10/24 ver 0.1
\XC@nummixins=\count273
\XC@countmixins=\count274
)
(/usr/share/texlive/texmf-dist/tex/generic/atbegshi/atbegshi.sty
Package: atbegshi 2019/12/05 v1.19 At begin shipout hook (HO)

(/usr/share/texlive/texmf-dist/tex/generic/infwarerr/infwarerr.sty
Package: infwarerr 2019/12/03 v1.5 Providing info/warning/error messages (HO)
)
(/usr/share/texlive/texmf-dist/tex/generic/ltxcmds/ltxcmds.sty
Package: ltxcmds 2019/12/15 v1.24 LaTeX kernel commands for general use (HO)
))
(/usr/share/texlive/texmf-dist/tex/latex/hyperref/hyperref.sty
Package: hyperref 2020/01/14 v7.00d Hypertext links for LaTeX

(/usr/share/texlive/texmf-dist/tex/latex/pdftexcmds/pdftexcmds.sty
Package: pdftexcmds 2019/11/24 v0.31 Utility functions of pdfTeX for LuaTeX (HO
)
Package pdftexcmds Info: \pdf@primitive is available.
Package pdftexcmds Info: \pdf@ifprimitive is available.
Package pdftexcmds Info: \pdfdraftmode found.
)
(/usr/share/texlive/texmf-dist/tex/generic/kvsetkeys/kvsetkeys.sty
Package: kvsetkeys 2019/12/15 v1.18 Key value parser (HO)
)
(/usr/share/texlive/texmf-dist/tex/generic/kvdefinekeys/kvdefinekeys.sty
Package: kvdefinekeys 2019-12-19 v1.6 Define keys (HO)
)
(/usr/share/texlive/texmf-dist/tex/generic/pdfescape/pdfescape.sty
Package: pdfescape 2019/12/09 v1.15 Implements pdfTeX's escape features (HO)
)
(/usr/share/texlive/texmf-dist/tex/latex/hycolor/hycolor.sty
Package: hycolor 2020-01-27 v1.10 Color options for hyperref/bookmark (HO)
)
(/usr/share/texlive/texmf-dist/tex/latex/letltxmacro/letltxmacro.sty
Package: letltxmacro 2019/12/03 v1.6 Let assignment for LaTeX macros (HO)
)
(/usr/share/texlive/texmf-dist/tex/latex/auxhook/auxhook.sty
Package: auxhook 2019-12-17 v1.6 Hooks for auxiliary files (HO)
)
(/usr/share/texlive/texmf-dist/tex/latex/kvoptions/kvoptions.sty
Package: kvoptions 2019/11/29 v3.13 Key value format for package options (HO)
)
\@linkdim=\dimen197
\Hy@linkcounter=\count275
\Hy@pagecounter=\count276

(/usr/share/texlive/texmf-dist/tex/latex/hyperref/pd1enc.def
File: pd1enc.def 2020/01/14 v7.00d Hyperref: PDFDocEncoding definition (HO)
Now handling font encoding PD1 ...
... no UTF-8 mapping file for font encoding PD1
)
(/usr/share/texlive/texmf-dist/tex/generic/intcalc/intcalc.sty
Package: intcalc 2019/12/15 v1.3 Expandable calculations with integers (HO)
)
(/usr/share/texlive/texmf-dist/tex/generic/etexcmds/etexcmds.sty
Package: etexcmds 2019/12/15 v1.7 Avoid name clashes with e-TeX commands (HO)
)
\Hy@SavedSpaceFactor=\count277
\pdfmajorversion=\count278
Package hyperref Info: Option `bookmarks' set `true' on input line 4421.
Package hyperref Info: Option `bookmarksopen' set `true' on input line 4421.
Package hyperref Info: Option `implicit' set `false' on input line 4421.
Package hyperref Info: Hyper figures OFF on input line 4547.
Package hyperref Info: Link nesting OFF on input line 4552.
Package hyperref Info: Hyper index ON on input line 4555.
Package hyperref Info: Plain pages OFF on input line 4562.
Package hyperref Info: Backreferencing OFF on input line 4567.
Package hyperref Info: Implicit mode OFF; no redefinition of LaTeX internals.
Package hyperref Info: Bookmarks ON on input line 4800.
\c@Hy@tempcnt=\count279

(/usr/share/texlive/texmf-dist/tex/latex/url/url.sty
\Urlmuskip=\muskip16
Package: url 2013/09/16  ver 3.4  Verb mode for urls, etc.
)
LaTeX Info: Redefining \url on input line 5159.
\XeTeXLinkMargin=\dimen198

(/usr/share/texlive/texmf-dist/tex/generic/bitset/bitset.sty
Package: bitset 2019/12/09 v1.3 Handle bit-vector datatype (HO)

(/usr/share/texlive/texmf-dist/tex/generic/bigintcalc/bigintcalc.sty
Package: bigintcalc 2019/12/15 v1.5 Expandable calculations on big integers (HO
)
))
\Fld@menulength=\count280
\Field@Width=\dimen199
\Fld@charsize=\dimen256
Package hyperref Info: Hyper figures OFF on input line 6430.
Package hyperref Info: Link nesting OFF on input line 6435.
Package hyperref Info: Hyper index ON on input line 6438.
Package hyperref Info: backreferencing OFF on input line 6445.
Package hyperref Info: Link coloring OFF on input line 6450.
Package hyperref Info: Link coloring with OCG OFF on input line 6455.
Package hyperref Info: PDF/A mode OFF on input line 6460.
LaTeX Info: Redefining \ref on input line 6500.
LaTeX Info: Redefining \pageref on input line 6504.
\Hy@abspage=\count281


Package hyperref Message: Stopped early.

)
Package hyperref Info: Driver (autodetected): hpdftex.
 (/usr/share/texlive/texmf-dist/tex/latex/hyperref/hpdftex.def
File: hpdftex.def 2020/01/14 v7.00d Hyperref driver for pdfTeX

(/usr/share/texlive/texmf-dist/tex/latex/atveryend/atveryend.sty
Package: atveryend 2019-12-11 v1.11 Hooks at the very end of document (HO)
)
\Fld@listcount=\count282
\c@bookmark@seq@number=\count283

(/usr/share/texlive/texmf-dist/tex/latex/rerunfilecheck/rerunfilecheck.sty
Package: rerunfilecheck 2019/12/05 v1.9 Rerun checks for auxiliary files (HO)

(/usr/share/texlive/texmf-dist/tex/generic/uniquecounter/uniquecounter.sty
Package: uniquecounter 2019/12/15 v1.4 Provide unlimited unique counter (HO)
)
Package uniquecounter Info: New unique counter `rerunfilecheck' on input line 2
86.
))
(/usr/share/texlive/texmf-dist/tex/latex/beamer/beamerbaserequires.sty
(/usr/share/texlive/texmf-dist/tex/latex/beamer/beamerbasecompatibility.sty)
(/usr/share/texlive/texmf-dist/tex/latex/beamer/beamerbasefont.sty
(/usr/share/texlive/texmf-dist/tex/latex/amsfonts/amssymb.sty
Package: amssymb 2013/01/14 v3.01 AMS font symbols

(/usr/share/texlive/texmf-dist/tex/latex/amsfonts/amsfonts.sty
Package: amsfonts 2013/01/14 v3.01 Basic AMSFonts support
\@emptytoks=\toks26
\symAMSa=\mathgroup4
\symAMSb=\mathgroup5
LaTeX Font Info:    Redeclaring math symbol \hbar on input line 98.
LaTeX Font Info:    Overwriting math alphabet `\mathfrak' in version `bold'
(Font)                  U/euf/m/n --> U/euf/b/n on input line 106.
))
(/usr/share/texlive/texmf-dist/tex/latex/sansmathaccent/sansmathaccent.sty
Package: sansmathaccent 2020/01/31

(/usr/share/texlive/texmf-dist/tex/latex/koma-script/scrlfile.sty
Package: scrlfile 2020/01/24 v3.29 KOMA-Script package (loading files)
)))
(/usr/share/texlive/texmf-dist/tex/latex/beamer/beamerbasetranslator.sty
(/usr/share/texlive/texmf-dist/tex/latex/translator/translator.sty
Package: translator 2019-05-31 v1.12a Easy translation of strings in LaTeX
))
(/usr/share/texlive/texmf-dist/tex/latex/beamer/beamerbasemisc.sty)
(/usr/share/texlive/texmf-dist/tex/latex/beamer/beamerbasetwoscreens.sty)
(/usr/share/texlive/texmf-dist/tex/latex/beamer/beamerbaseoverlay.sty
\beamer@argscount=\count284
\beamer@lastskipcover=\skip50
\beamer@trivlistdepth=\count285
)
(/usr/share/texlive/texmf-dist/tex/latex/beamer/beamerbasetitle.sty)
(/usr/share/texlive/texmf-dist/tex/latex/beamer/beamerbasesection.sty
\c@lecture=\count286
\c@part=\count287
\c@section=\count288
\c@subsection=\count289
\c@subsubsection=\count290
)
(/usr/share/texlive/texmf-dist/tex/latex/beamer/beamerbaseframe.sty
\beamer@framebox=\box60
\beamer@frametitlebox=\box61
\beamer@zoombox=\box62
\beamer@zoomcount=\count291
\beamer@zoomframecount=\count292
\beamer@frametextheight=\dimen257
\c@subsectionslide=\count293
\beamer@frametopskip=\skip51
\beamer@framebottomskip=\skip52
\beamer@frametopskipautobreak=\skip53
\beamer@framebottomskipautobreak=\skip54
\beamer@envbody=\toks27
\framewidth=\dimen258
\c@framenumber=\count294
)
(/usr/share/texlive/texmf-dist/tex/latex/beamer/beamerbaseverbatim.sty
\beamer@verbatimfileout=\write4
)
(/usr/share/texlive/texmf-dist/tex/latex/beamer/beamerbaseframesize.sty
\beamer@splitbox=\box63
\beamer@autobreakcount=\count295
\beamer@autobreaklastheight=\dimen259
\beamer@frametitletoks=\toks28
\beamer@framesubtitletoks=\toks29
)
(/usr/share/texlive/texmf-dist/tex/latex/beamer/beamerbaseframecomponents.sty
\beamer@footins=\box64
)
(/usr/share/texlive/texmf-dist/tex/latex/beamer/beamerbasecolor.sty)
(/usr/share/texlive/texmf-dist/tex/latex/beamer/beamerbasenotes.sty
\beamer@frameboxcopy=\box65
)
(/usr/share/texlive/texmf-dist/tex/latex/beamer/beamerbasetoc.sty)
(/usr/share/texlive/texmf-dist/tex/latex/beamer/beamerbasetemplates.sty
\beamer@sbttoks=\toks30

(/usr/share/texlive/texmf-dist/tex/latex/beamer/beamerbaseauxtemplates.sty
(/usr/share/texlive/texmf-dist/tex/latex/beamer/beamerbaseboxes.sty
\bmb@box=\box66
\bmb@colorbox=\box67
\bmb@boxshadow=\box68
\bmb@boxshadowball=\box69
\bmb@boxshadowballlarge=\box70
\bmb@temp=\dimen260
\bmb@dima=\dimen261
\bmb@dimb=\dimen262
\bmb@prevheight=\dimen263
)
\beamer@blockheadheight=\dimen264
))
(/usr/share/texlive/texmf-dist/tex/latex/beamer/beamerbaselocalstructure.sty
(/usr/share/texlive/texmf-dist/tex/latex/tools/enumerate.sty
Package: enumerate 2015/07/23 v3.00 enumerate extensions (DPC)
\@enLab=\toks31
)
\c@figure=\count296
\c@table=\count297
\abovecaptionskip=\skip55
\belowcaptionskip=\skip56
)
(/usr/share/texlive/texmf-dist/tex/latex/beamer/beamerbasenavigation.sty
\beamer@section@min@dim=\dimen265
)
(/usr/share/texlive/texmf-dist/tex/latex/beamer/beamerbasetheorems.sty
(/usr/share/texlive/texmf-dist/tex/latex/amsmath/amsmath.sty
Package: amsmath 2020/01/20 v2.17e AMS math features
\@mathmargin=\skip57

For additional information on amsmath, use the `?' option.
(/usr/share/texlive/texmf-dist/tex/latex/amsmath/amstext.sty
Package: amstext 2000/06/29 v2.01 AMS text

(/usr/share/texlive/texmf-dist/tex/latex/amsmath/amsgen.sty
File: amsgen.sty 1999/11/30 v2.0 generic functions
\@emptytoks=\toks32
\ex@=\dimen266
))
(/usr/share/texlive/texmf-dist/tex/latex/amsmath/amsbsy.sty
Package: amsbsy 1999/11/29 v1.2d Bold Symbols
\pmbraise@=\dimen267
)
(/usr/share/texlive/texmf-dist/tex/latex/amsmath/amsopn.sty
Package: amsopn 2016/03/08 v2.02 operator names
)
\inf@bad=\count298
LaTeX Info: Redefining \frac on input line 227.
\uproot@=\count299
\leftroot@=\count300
LaTeX Info: Redefining \overline on input line 389.
\classnum@=\count301
\DOTSCASE@=\count302
LaTeX Info: Redefining \ldots on input line 486.
LaTeX Info: Redefining \dots on input line 489.
LaTeX Info: Redefining \cdots on input line 610.
\Mathstrutbox@=\box71
\strutbox@=\box72
\big@size=\dimen268
LaTeX Font Info:    Redeclaring font encoding OML on input line 733.
LaTeX Font Info:    Redeclaring font encoding OMS on input line 734.
\macc@depth=\count303
\c@MaxMatrixCols=\count304
\dotsspace@=\muskip17
\c@parentequation=\count305
\dspbrk@lvl=\count306
\tag@help=\toks33
\row@=\count307
\column@=\count308
\maxfields@=\count309
\andhelp@=\toks34
\eqnshift@=\dimen269
\alignsep@=\dimen270
\tagshift@=\dimen271
\tagwidth@=\dimen272
\totwidth@=\dimen273
\lineht@=\dimen274
\@envbody=\toks35
\multlinegap=\skip58
\multlinetaggap=\skip59
\mathdisplay@stack=\toks36
LaTeX Info: Redefining \[ on input line 2859.
LaTeX Info: Redefining \] on input line 2860.
)
(/usr/share/texlive/texmf-dist/tex/latex/amscls/amsthm.sty
Package: amsthm 2017/10/31 v2.20.4
\thm@style=\toks37
\thm@bodyfont=\toks38
\thm@headfont=\toks39
\thm@notefont=\toks40
\thm@headpunct=\toks41
\thm@preskip=\skip60
\thm@postskip=\skip61
\thm@headsep=\skip62
\dth@everypar=\toks42
)
\c@theorem=\count310
)
(/usr/share/texlive/texmf-dist/tex/latex/beamer/beamerbasethemes.sty))
(/usr/share/texlive/texmf-dist/tex/latex/beamer/beamerthemedefault.sty
(/usr/share/texlive/texmf-dist/tex/latex/beamer/beamerfontthemedefault.sty)
(/usr/share/texlive/texmf-dist/tex/latex/beamer/beamercolorthemedefault.sty)
(/usr/share/texlive/texmf-dist/tex/latex/beamer/beamerinnerthemedefault.sty
\beamer@dima=\dimen275
\beamer@dimb=\dimen276
)
(/usr/share/texlive/texmf-dist/tex/latex/beamer/beamerouterthemedefault.sty)))
(/usr/share/texlive/texmf-dist/tex/latex/base/inputenc.sty
Package: inputenc 2018/08/11 v1.3c Input encoding file
\inpenc@prehook=\toks43
\inpenc@posthook=\toks44
)
(/usr/share/texlive/texmf-dist/tex/latex/beamer/beamerthemeMadrid.sty
(/usr/share/texlive/texmf-dist/tex/latex/beamer/beamercolorthemewhale.sty)
(/usr/share/texlive/texmf-dist/tex/latex/beamer/beamercolorthemeorchid.sty)
(/usr/share/texlive/texmf-dist/tex/latex/beamer/beamerinnerthemerounded.sty)
(/usr/share/texlive/texmf-dist/tex/latex/beamer/beamerouterthemeinfolines.sty))
(/usr/share/texlive/texmf-dist/tex/latex/animate/animate.sty
Package: animate 2019/12/03 PDF & SVG animations from files and inline graphics


(/usr/share/texlive/texmf-dist/tex/latex/xkeyval/xkeyval.sty
Package: xkeyval 2014/12/03 v2.7a package option processing (HA)

(/usr/share/texlive/texmf-dist/tex/generic/xkeyval/xkeyval.tex
(/usr/share/texlive/texmf-dist/tex/generic/xkeyval/xkvutils.tex
\XKV@toks=\toks45
\XKV@tempa@toks=\toks46
)
\XKV@depth=\count311
File: xkeyval.tex 2014/12/03 v2.7a key=value parser (HA)
))
(/usr/share/texlive/texmf-dist/tex/latex/base/ifthen.sty
Package: ifthen 2014/09/29 v1.1c Standard LaTeX ifthen package (DPC)
)
(/usr/share/texlive/texmf-dist/tex/latex/oberdiek/ifdraft.sty
Package: ifdraft 2016/05/16 v1.4 Detect class options draft and final (HO)
)
(/usr/share/texlive/texmf-dist/tex/latex/tools/calc.sty
Package: calc 2017/05/25 v4.3 Infix arithmetic (KKT,FJ)
\calc@Acount=\count312
\calc@Bcount=\count313
\calc@Adimen=\dimen277
\calc@Bdimen=\dimen278
\calc@Askip=\skip63
\calc@Bskip=\skip64
LaTeX Info: Redefining \setlength on input line 80.
LaTeX Info: Redefining \addtolength on input line 81.
\calc@Ccount=\count314
\calc@Cskip=\skip65
)
(/usr/share/texlive/texmf-dist/tex/latex/zref/zref-abspage.sty
Package: zref-abspage 2019/11/29 v2.28 Module abspage for zref (HO)

(/usr/share/texlive/texmf-dist/tex/latex/zref/zref-base.sty
Package: zref-base 2019/11/29 v2.28 Module base for zref (HO)
Package zref Info: New property list: main on input line 763.
Package zref Info: New property: default on input line 764.
Package zref Info: New property: page on input line 765.
)
\c@abspage=\count315
Package zref Info: New property: abspage on input line 66.
)
(/usr/share/texlive/texmf-dist/tex/latex/media9/pdfbase.sty
(/usr/share/texlive/texmf-dist/tex/latex/l3kernel/expl3.sty
Package: expl3 2020-02-14 L3 programming layer (loader) 

(/usr/share/texlive/texmf-dist/tex/latex/l3backend/l3backend-pdfmode.def
File: l3backend-pdfmode.def 2020-02-03 L3 backend support: PDF mode
\l__kernel_color_stack_int=\count316
\l__pdf_internal_box=\box73
))
(/usr/share/texlive/texmf-dist/tex/latex/l3packages/l3keys2e/l3keys2e.sty
Package: l3keys2e 2020-02-14 LaTeX2e option processing using LaTeX3 keys
)
Package: pdfbase 2020/01/27 v0.36 driver independent access to low-level PDF fe
atures
\g_pbs_page_int=\count317
\g_pbs_oc_int=\count318
)
(/usr/share/texlive/texmf-dist/tex/latex/ocgx2/ocgbase.sty
Package: ocgbase 2019/11/04 v0.17 support package for ocgx2.sty
\g_ocgbase_nd_int=\count319
)
\@anim@box=\box74
\@anim@measbox=\box75
\@anim@tmpdima=\dimen279
\@anim@tmpdimb=\dimen280
\@anim@num=\count320
\@anim@curframe=\count321
\@anim@curframe@zb=\count322
\@anim@resizeflags=\count323
\@anim@skipfram=\count324
\@anim@mulframecnt=\count325
\@anim@@tmlnfile=\read3
\@anim@tmpcnt=\count326
\c@@anim@ltxcnt=\count327
\@anim@curlayer=\count328
\@anim@lineno=\count329
\@anim@curfield=\count330
\@anim@@resizeflags=\count331
)
(/usr/share/texlive/texmf-dist/tex/latex/caption/caption.sty
Package: caption 2020/01/03 v3.4h Customizing captions (AR)

(/usr/share/texlive/texmf-dist/tex/latex/caption/caption3.sty
Package: caption3 2020/01/03 v1.8h caption3 kernel (AR)
Package caption3 Info: TeX engine: e-TeX on input line 61.
\captionmargin=\dimen281
\captionmargin@=\dimen282
\captionwidth=\dimen283
\caption@tempdima=\dimen284
\caption@indent=\dimen285
\caption@parindent=\dimen286
\caption@hangindent=\dimen287
Package caption Info: beamer document class detected.
)
\c@caption@flags=\count332
\c@continuedfloat=\count333
Package caption Info: beamer document class.
Package caption Info: hyperref package is loaded.
Package caption Info: Hyperref support is turned off
(caption)             because hyperref has stopped early.
)) (./main.aux)
\openout1 = `main.aux'.

LaTeX Font Info:    Checking defaults for OML/cmm/m/it on input line 17.
LaTeX Font Info:    ... okay on input line 17.
LaTeX Font Info:    Checking defaults for OMS/cmsy/m/n on input line 17.
LaTeX Font Info:    ... okay on input line 17.
LaTeX Font Info:    Checking defaults for OT1/cmr/m/n on input line 17.
LaTeX Font Info:    ... okay on input line 17.
LaTeX Font Info:    Checking defaults for T1/cmr/m/n on input line 17.
LaTeX Font Info:    ... okay on input line 17.
LaTeX Font Info:    Checking defaults for TS1/cmr/m/n on input line 17.
LaTeX Font Info:    ... okay on input line 17.
LaTeX Font Info:    Checking defaults for OMX/cmex/m/n on input line 17.
LaTeX Font Info:    ... okay on input line 17.
LaTeX Font Info:    Checking defaults for U/cmr/m/n on input line 17.
LaTeX Font Info:    ... okay on input line 17.
LaTeX Font Info:    Checking defaults for PD1/pdf/m/n on input line 17.
LaTeX Font Info:    ... okay on input line 17.

*geometry* driver: auto-detecting
*geometry* detected driver: pdftex
*geometry* verbose mode - [ preamble ] result:
* driver: pdftex
* paper: custom
* layout: <same size as paper>
* layoutoffset:(h,v)=(0.0pt,0.0pt)
* modes: includehead includefoot 
* h-part:(L,W,R)=(10.00002pt, 344.19533pt, 10.00002pt)
* v-part:(T,H,B)=(0.0pt, 273.14662pt, 0.0pt)
* \paperwidth=364.19536pt
* \paperheight=273.14662pt
* \textwidth=344.19533pt
* \textheight=244.6939pt
* \oddsidemargin=-62.26997pt
* \evensidemargin=-62.26997pt
* \topmargin=-72.26999pt
* \headheight=14.22636pt
* \headsep=0.0pt
* \topskip=10.0pt
* \footskip=14.22636pt
* \marginparwidth=3.0pt
* \marginparsep=11.0pt
* \columnsep=10.0pt
* \skip\footins=9.0pt plus 4.0pt minus 2.0pt
* \hoffset=0.0pt
* \voffset=0.0pt
* \mag=1000
* \@twocolumnfalse
* \@twosidefalse
* \@mparswitchfalse
* \@reversemarginfalse
* (1in=72.27pt=25.4mm, 1cm=28.453pt)

(/usr/share/texlive/texmf-dist/tex/context/base/mkii/supp-pdf.mkii
[Loading MPS to PDF converter (version 2006.09.02).]
\scratchcounter=\count334
\scratchdimen=\dimen288
\scratchbox=\box76
\nofMPsegments=\count335
\nofMParguments=\count336
\everyMPshowfont=\toks47
\MPscratchCnt=\count337
\MPscratchDim=\dimen289
\MPnumerator=\count338
\makeMPintoPDFobject=\count339
\everyMPtoPDFconversion=\toks48
) (/usr/share/texlive/texmf-dist/tex/latex/epstopdf-pkg/epstopdf-base.sty
Package: epstopdf-base 2020-01-24 v2.11 Base part for package epstopdf

(/usr/share/texlive/texmf-dist/tex/latex/grfext/grfext.sty
Package: grfext 2019/12/03 v1.3 Manage graphics extensions (HO)
)
Package epstopdf-base Info: Redefining graphics rule for `.eps' on input line 4
85.
Package grfext Info: Graphics extension search list:
(grfext)             [.pdf,.png,.jpg,.mps,.jpeg,.jbig2,.jb2,.PDF,.PNG,.JPG,.JPE
G,.JBIG2,.JB2,.eps]
(grfext)             \AppendGraphicsExtensions on input line 504.

(/usr/share/texlive/texmf-dist/tex/latex/latexconfig/epstopdf-sys.cfg
File: epstopdf-sys.cfg 2010/07/13 v1.3 Configuration of (r)epstopdf for TeX Liv
e
))
ABD: EveryShipout initializing macros
\AtBeginShipoutBox=\box77
Package hyperref Info: Link coloring OFF on input line 17.

(/usr/share/texlive/texmf-dist/tex/latex/hyperref/nameref.sty
Package: nameref 2019/09/16 v2.46 Cross-referencing by name of section

(/usr/share/texlive/texmf-dist/tex/latex/refcount/refcount.sty
Package: refcount 2019/12/15 v3.6 Data extraction from label references (HO)
)
(/usr/share/texlive/texmf-dist/tex/generic/gettitlestring/gettitlestring.sty
Package: gettitlestring 2019/12/15 v1.6 Cleanup title references (HO)
)
\c@section@level=\count340
)
LaTeX Info: Redefining \ref on input line 17.
LaTeX Info: Redefining \pageref on input line 17.
LaTeX Info: Redefining \nameref on input line 17.

(./main.out) (./main.out)
\@outlinefile=\write5
\openout5 = `main.out'.

LaTeX Font Info:    Overwriting symbol font `operators' in version `normal'
(Font)                  OT1/cmr/m/n --> OT1/cmss/m/n on input line 17.
LaTeX Font Info:    Overwriting symbol font `operators' in version `bold'
(Font)                  OT1/cmr/bx/n --> OT1/cmss/b/n on input line 17.
\symnumbers=\mathgroup6
\sympureletters=\mathgroup7
LaTeX Font Info:    Overwriting math alphabet `\mathrm' in version `normal'
(Font)                  OT1/cmss/m/n --> OT1/cmr/m/n on input line 17.
LaTeX Font Info:    Redeclaring math alphabet \mathbf on input line 17.
LaTeX Font Info:    Overwriting math alphabet `\mathbf' in version `normal'
(Font)                  OT1/cmr/bx/n --> OT1/cmss/b/n on input line 17.
LaTeX Font Info:    Overwriting math alphabet `\mathbf' in version `bold'
(Font)                  OT1/cmr/bx/n --> OT1/cmss/b/n on input line 17.
LaTeX Font Info:    Redeclaring math alphabet \mathsf on input line 17.
LaTeX Font Info:    Overwriting math alphabet `\mathsf' in version `normal'
(Font)                  OT1/cmss/m/n --> OT1/cmss/m/n on input line 17.
LaTeX Font Info:    Overwriting math alphabet `\mathsf' in version `bold'
(Font)                  OT1/cmss/bx/n --> OT1/cmss/m/n on input line 17.
LaTeX Font Info:    Redeclaring math alphabet \mathit on input line 17.
LaTeX Font Info:    Overwriting math alphabet `\mathit' in version `normal'
(Font)                  OT1/cmr/m/it --> OT1/cmss/m/it on input line 17.
LaTeX Font Info:    Overwriting math alphabet `\mathit' in version `bold'
(Font)                  OT1/cmr/bx/it --> OT1/cmss/m/it on input line 17.
LaTeX Font Info:    Redeclaring math alphabet \mathtt on input line 17.
LaTeX Font Info:    Overwriting math alphabet `\mathtt' in version `normal'
(Font)                  OT1/cmtt/m/n --> OT1/cmtt/m/n on input line 17.
LaTeX Font Info:    Overwriting math alphabet `\mathtt' in version `bold'
(Font)                  OT1/cmtt/m/n --> OT1/cmtt/m/n on input line 17.
LaTeX Font Info:    Overwriting symbol font `numbers' in version `bold'
(Font)                  OT1/cmss/m/n --> OT1/cmss/b/n on input line 17.
LaTeX Font Info:    Overwriting symbol font `pureletters' in version `bold'
(Font)                  OT1/cmss/m/it --> OT1/cmss/b/it on input line 17.
LaTeX Font Info:    Overwriting math alphabet `\mathrm' in version `bold'
(Font)                  OT1/cmss/b/n --> OT1/cmr/b/n on input line 17.
LaTeX Font Info:    Overwriting math alphabet `\mathbf' in version `bold'
(Font)                  OT1/cmss/b/n --> OT1/cmss/b/n on input line 17.
LaTeX Font Info:    Overwriting math alphabet `\mathsf' in version `bold'
(Font)                  OT1/cmss/m/n --> OT1/cmss/b/n on input line 17.
LaTeX Font Info:    Overwriting math alphabet `\mathit' in version `bold'
(Font)                  OT1/cmss/m/it --> OT1/cmss/b/it on input line 17.
LaTeX Font Info:    Overwriting math alphabet `\mathtt' in version `bold'
(Font)                  OT1/cmtt/m/n --> OT1/cmtt/b/n on input line 17.
LaTeX Font Info:    Redeclaring symbol font `pureletters' on input line 17.
LaTeX Font Info:    Overwriting symbol font `pureletters' in version `normal'
(Font)                  OT1/cmss/m/it --> OT1/mathkerncmss/m/sl on input line 1
7.
LaTeX Font Info:    Overwriting symbol font `pureletters' in version `bold'
(Font)                  OT1/cmss/b/it --> OT1/mathkerncmss/m/sl on input line 1
7.
LaTeX Font Info:    Overwriting symbol font `pureletters' in version `bold'
(Font)                  OT1/mathkerncmss/m/sl --> OT1/mathkerncmss/bx/sl on inp
ut line 17.

(/usr/share/texlive/texmf-dist/tex/latex/translator/translator-basic-dictionary
-English.dict
Dictionary: translator-basic-dictionary, Language: English 
)
(/usr/share/texlive/texmf-dist/tex/latex/translator/translator-bibliography-dic
tionary-English.dict
Dictionary: translator-bibliography-dictionary, Language: English 
)
(/usr/share/texlive/texmf-dist/tex/latex/translator/translator-environment-dict
ionary-English.dict
Dictionary: translator-environment-dictionary, Language: English 
)
(/usr/share/texlive/texmf-dist/tex/latex/translator/translator-months-dictionar
y-English.dict
Dictionary: translator-months-dictionary, Language: English 
)
(/usr/share/texlive/texmf-dist/tex/latex/translator/translator-numbers-dictiona
ry-English.dict
Dictionary: translator-numbers-dictionary, Language: English 
)
(/usr/share/texlive/texmf-dist/tex/latex/translator/translator-theorem-dictiona
ry-English.dict
Dictionary: translator-theorem-dictionary, Language: English 
)
Package caption Info: Begin \AtBeginDocument code.
Package caption Info: End \AtBeginDocument code.
 (./main.nav)
LaTeX Font Info:    Trying to load font information for U+msa on input line 18.


(/usr/share/texlive/texmf-dist/tex/latex/amsfonts/umsa.fd
File: umsa.fd 2013/01/14 v3.01 AMS symbols A
)
LaTeX Font Info:    Trying to load font information for U+msb on input line 18.


(/usr/share/texlive/texmf-dist/tex/latex/amsfonts/umsb.fd
File: umsb.fd 2013/01/14 v3.01 AMS symbols B
)
LaTeX Font Info:    Trying to load font information for OT1+mathkerncmss on inp
ut line 18.

(/usr/share/texlive/texmf-dist/tex/latex/sansmathaccent/ot1mathkerncmss.fd
File: ot1mathkerncmss.fd 2020/01/31 Fontinst v1.933 font definitions for OT1/ma
thkerncmss.
)
[1



{/var/lib/texmf/fonts/map/pdftex/updmap/pdftex.map}]
<images/methodology/PD_lambda_0/1.jpg, id=56, 1078.0275pt x 841.1425pt>
File: images/methodology/PD_lambda_0/1.jpg Graphic file (type jpg)
<use images/methodology/PD_lambda_0/1.jpg>
Package pdftex.def Info: images/methodology/PD_lambda_0/1.jpg  used on input li
ne 36.
(pdftex.def)             Requested size: 1078.02487pt x 841.14046pt.
 <./images/methodology/PD_lambda_0/1.jpg> <a0,fr0>
<images/methodology/PD_lambda_0/2.jpg, id=66, 1078.0275pt x 841.1425pt>
File: images/methodology/PD_lambda_0/2.jpg Graphic file (type jpg)
<use images/methodology/PD_lambda_0/2.jpg>
Package pdftex.def Info: images/methodology/PD_lambda_0/2.jpg  used on input li
ne 36.
(pdftex.def)             Requested size: 1078.02487pt x 841.14046pt.
 <./images/methodology/PD_lambda_0/2.jpg> <a0,fr1>
<a0,fr2> <a0,fr3> <a0,fr4> <a0,fr5> <a0,fr6>
<images/methodology/PD_lambda_0/8.jpg, id=101, 1078.0275pt x 841.1425pt>
File: images/methodology/PD_lambda_0/8.jpg Graphic file (type jpg)
<use images/methodology/PD_lambda_0/8.jpg>
Package pdftex.def Info: images/methodology/PD_lambda_0/8.jpg  used on input li
ne 36.
(pdftex.def)             Requested size: 1078.02487pt x 841.14046pt.
 <./images/methodology/PD_lambda_0/8.jpg> <a0,fr7>
<images/methodology/PD_lambda_0/9.jpg, id=111, 1078.0275pt x 841.1425pt>
File: images/methodology/PD_lambda_0/9.jpg Graphic file (type jpg)
<use images/methodology/PD_lambda_0/9.jpg>
Package pdftex.def Info: images/methodology/PD_lambda_0/9.jpg  used on input li
ne 36.
(pdftex.def)             Requested size: 1078.02487pt x 841.14046pt.
 <./images/methodology/PD_lambda_0/9.jpg> <a0,fr8> <a0,fr9>
<a0,fr10> <a0,fr11> <a0,fr12> <a0,fr13> <a0,fr14>
<images/methodology/PD_lambda_0/16.jpg, id=151, 1078.0275pt x 841.1425pt>
File: images/methodology/PD_lambda_0/16.jpg Graphic file (type jpg)
<use images/methodology/PD_lambda_0/16.jpg>
Package pdftex.def Info: images/methodology/PD_lambda_0/16.jpg  used on input l
ine 36.
(pdftex.def)             Requested size: 1078.02487pt x 841.14046pt.
 <./images/methodology/PD_lambda_0/16.jpg> <a0,fr15>
<images/methodology/PD_lambda_0/17.jpg, id=161, 1078.0275pt x 841.1425pt>
File: images/methodology/PD_lambda_0/17.jpg Graphic file (type jpg)
<use images/methodology/PD_lambda_0/17.jpg>
Package pdftex.def Info: images/methodology/PD_lambda_0/17.jpg  used on input l
ine 36.
(pdftex.def)             Requested size: 1078.02487pt x 841.14046pt.
 <./images/methodology/PD_lambda_0/17.jpg> <a0,fr16>
<a0,fr17> <a0,fr18> <a0,fr19> <a0,fr20>
<images/methodology/PD_lambda_0/22.jpg, id=191, 1078.0275pt x 841.1425pt>
File: images/methodology/PD_lambda_0/22.jpg Graphic file (type jpg)
<use images/methodology/PD_lambda_0/22.jpg>
Package pdftex.def Info: images/methodology/PD_lambda_0/22.jpg  used on input l
ine 36.
(pdftex.def)             Requested size: 1078.02487pt x 841.14046pt.
 <./images/methodology/PD_lambda_0/22.jpg> <a0,fr21> <a0,fr22>
<images/methodology/PD_lambda_0/24.jpg, id=206, 1078.0275pt x 841.1425pt>
File: images/methodology/PD_lambda_0/24.jpg Graphic file (type jpg)
<use images/methodology/PD_lambda_0/24.jpg>
Package pdftex.def Info: images/methodology/PD_lambda_0/24.jpg  used on input l
ine 36.
(pdftex.def)             Requested size: 1078.02487pt x 841.14046pt.
 <./images/methodology/PD_lambda_0/24.jpg> <a0,fr23>
<images/methodology/PD_lambda_0/25.jpg, id=216, 1078.0275pt x 841.1425pt>
File: images/methodology/PD_lambda_0/25.jpg Graphic file (type jpg)
<use images/methodology/PD_lambda_0/25.jpg>
Package pdftex.def Info: images/methodology/PD_lambda_0/25.jpg  used on input l
ine 36.
(pdftex.def)             Requested size: 1078.02487pt x 841.14046pt.
 <./images/methodology/PD_lambda_0/25.jpg> <a0,fr24>
<images/methodology/PD_lambda_0/26.jpg, id=227, 1078.0275pt x 841.1425pt>
File: images/methodology/PD_lambda_0/26.jpg Graphic file (type jpg)
<use images/methodology/PD_lambda_0/26.jpg>
Package pdftex.def Info: images/methodology/PD_lambda_0/26.jpg  used on input l
ine 36.
(pdftex.def)             Requested size: 1078.02487pt x 841.14046pt.
 <./images/methodology/PD_lambda_0/26.jpg> <a0,fr25>
<images/methodology/PD_lambda_0/27.jpg, id=237, 1078.0275pt x 841.1425pt>
File: images/methodology/PD_lambda_0/27.jpg Graphic file (type jpg)
<use images/methodology/PD_lambda_0/27.jpg>
Package pdftex.def Info: images/methodology/PD_lambda_0/27.jpg  used on input l
ine 36.
(pdftex.def)             Requested size: 1078.02487pt x 841.14046pt.
 <./images/methodology/PD_lambda_0/27.jpg> <a0,fr26>
<a0,fr27>
<images/methodology/PD_lambda_0/29.jpg, id=252, 1078.0275pt x 841.1425pt>
File: images/methodology/PD_lambda_0/29.jpg Graphic file (type jpg)
<use images/methodology/PD_lambda_0/29.jpg>
Package pdftex.def Info: images/methodology/PD_lambda_0/29.jpg  used on input l
ine 36.
(pdftex.def)             Requested size: 1078.02487pt x 841.14046pt.
 <./images/methodology/PD_lambda_0/29.jpg> <a0,fr28>
<images/methodology/PD_lambda_0/30.jpg, id=262, 1078.0275pt x 841.1425pt>
File: images/methodology/PD_lambda_0/30.jpg Graphic file (type jpg)
<use images/methodology/PD_lambda_0/30.jpg>
Package pdftex.def Info: images/methodology/PD_lambda_0/30.jpg  used on input l
ine 36.
(pdftex.def)             Requested size: 1078.02487pt x 841.14046pt.
 <./images/methodology/PD_lambda_0/30.jpg> <a0,fr29>
<images/methodology/PD_lambda_0/31.jpg, id=272, 1078.0275pt x 841.1425pt>
File: images/methodology/PD_lambda_0/31.jpg Graphic file (type jpg)
<use images/methodology/PD_lambda_0/31.jpg>
Package pdftex.def Info: images/methodology/PD_lambda_0/31.jpg  used on input l
ine 36.
(pdftex.def)             Requested size: 1078.02487pt x 841.14046pt.
 <./images/methodology/PD_lambda_0/31.jpg>
<a0,fr30>
<images/methodology/PD_lambda_0/32.jpg, id=282, 1078.0275pt x 841.1425pt>
File: images/methodology/PD_lambda_0/32.jpg Graphic file (type jpg)
<use images/methodology/PD_lambda_0/32.jpg>
Package pdftex.def Info: images/methodology/PD_lambda_0/32.jpg  used on input l
ine 36.
(pdftex.def)             Requested size: 1078.02487pt x 841.14046pt.
 <./images/methodology/PD_lambda_0/32.jpg> <a0,fr31> <a0,fr32>
<a0,fr33>
<images/methodology/PD_lambda_0/35.jpg, id=302, 1078.0275pt x 841.1425pt>
File: images/methodology/PD_lambda_0/35.jpg Graphic file (type jpg)
<use images/methodology/PD_lambda_0/35.jpg>
Package pdftex.def Info: images/methodology/PD_lambda_0/35.jpg  used on input l
ine 36.
(pdftex.def)             Requested size: 1078.02487pt x 841.14046pt.
 <./images/methodology/PD_lambda_0/35.jpg> <a0,fr34> <a0,fr35>
<a0,fr36> <a0,fr37>
<images/methodology/PD_lambda_0/39.jpg, id=327, 1078.0275pt x 841.1425pt>
File: images/methodology/PD_lambda_0/39.jpg Graphic file (type jpg)
<use images/methodology/PD_lambda_0/39.jpg>
Package pdftex.def Info: images/methodology/PD_lambda_0/39.jpg  used on input l
ine 36.
(pdftex.def)             Requested size: 1078.02487pt x 841.14046pt.
 <./images/methodology/PD_lambda_0/39.jpg> <a0,fr38>
<a0,fr39>
<images/methodology/PD_lambda_0/41.jpg, id=342, 1078.0275pt x 841.1425pt>
File: images/methodology/PD_lambda_0/41.jpg Graphic file (type jpg)
<use images/methodology/PD_lambda_0/41.jpg>
Package pdftex.def Info: images/methodology/PD_lambda_0/41.jpg  used on input l
ine 36.
(pdftex.def)             Requested size: 1078.02487pt x 841.14046pt.
 <./images/methodology/PD_lambda_0/41.jpg> <a0,fr40> <a0,fr41>
<a0,fr42>
<images/methodology/PD_lambda_0/44.jpg, id=362, 1078.0275pt x 841.1425pt>
File: images/methodology/PD_lambda_0/44.jpg Graphic file (type jpg)
<use images/methodology/PD_lambda_0/44.jpg>
Package pdftex.def Info: images/methodology/PD_lambda_0/44.jpg  used on input l
ine 36.
(pdftex.def)             Requested size: 1078.02487pt x 841.14046pt.
 <./images/methodology/PD_lambda_0/44.jpg> <a0,fr43>
<images/methodology/PD_lambda_0/45.jpg, id=372, 1078.0275pt x 841.1425pt>
File: images/methodology/PD_lambda_0/45.jpg Graphic file (type jpg)
<use images/methodology/PD_lambda_0/45.jpg>
Package pdftex.def Info: images/methodology/PD_lambda_0/45.jpg  used on input l
ine 36.
(pdftex.def)             Requested size: 1078.02487pt x 841.14046pt.
 <./images/methodology/PD_lambda_0/45.jpg> <a0,fr44> <a0,fr45>
<images/methodology/PD_lambda_0/47.jpg, id=387, 1078.0275pt x 841.1425pt>
File: images/methodology/PD_lambda_0/47.jpg Graphic file (type jpg)
<use images/methodology/PD_lambda_0/47.jpg>
Package pdftex.def Info: images/methodology/PD_lambda_0/47.jpg  used on input l
ine 36.
(pdftex.def)             Requested size: 1078.02487pt x 841.14046pt.
 <./images/methodology/PD_lambda_0/47.jpg> <a0,fr46> <a0,fr47>
<images/methodology/PD_lambda_0/49.jpg, id=402, 1078.0275pt x 841.1425pt>
File: images/methodology/PD_lambda_0/49.jpg Graphic file (type jpg)
<use images/methodology/PD_lambda_0/49.jpg>
Package pdftex.def Info: images/methodology/PD_lambda_0/49.jpg  used on input l
ine 36.
(pdftex.def)             Requested size: 1078.02487pt x 841.14046pt.
 <./images/methodology/PD_lambda_0/49.jpg>
<a0,fr48>
<images/methodology/PD_lambda_0/50.jpg, id=412, 1078.0275pt x 841.1425pt>
File: images/methodology/PD_lambda_0/50.jpg Graphic file (type jpg)
<use images/methodology/PD_lambda_0/50.jpg>
Package pdftex.def Info: images/methodology/PD_lambda_0/50.jpg  used on input l
ine 36.
(pdftex.def)             Requested size: 1078.02487pt x 841.14046pt.
 <./images/methodology/PD_lambda_0/50.jpg> <a0,fr49> <a0,fr50>
<images/methodology/PD_lambda_0/52.jpg, id=427, 1078.0275pt x 841.1425pt>
File: images/methodology/PD_lambda_0/52.jpg Graphic file (type jpg)
<use images/methodology/PD_lambda_0/52.jpg>
Package pdftex.def Info: images/methodology/PD_lambda_0/52.jpg  used on input l
ine 36.
(pdftex.def)             Requested size: 1078.02487pt x 841.14046pt.
 <./images/methodology/PD_lambda_0/52.jpg> <a0,fr51>
<images/methodology/PD_lambda_0/53.jpg, id=437, 1078.0275pt x 841.1425pt>
File: images/methodology/PD_lambda_0/53.jpg Graphic file (type jpg)
<use images/methodology/PD_lambda_0/53.jpg>
Package pdftex.def Info: images/methodology/PD_lambda_0/53.jpg  used on input l
ine 36.
(pdftex.def)             Requested size: 1078.02487pt x 841.14046pt.
 <./images/methodology/PD_lambda_0/53.jpg> <a0,fr52>
<images/methodology/PD_lambda_0/54.jpg, id=447, 1078.0275pt x 841.1425pt>
File: images/methodology/PD_lambda_0/54.jpg Graphic file (type jpg)
<use images/methodology/PD_lambda_0/54.jpg>
Package pdftex.def Info: images/methodology/PD_lambda_0/54.jpg  used on input l
ine 36.
(pdftex.def)             Requested size: 1078.02487pt x 841.14046pt.
 <./images/methodology/PD_lambda_0/54.jpg> <a0,fr53>
<images/methodology/PD_lambda_0/55.jpg, id=457, 1078.0275pt x 841.1425pt>
File: images/methodology/PD_lambda_0/55.jpg Graphic file (type jpg)
<use images/methodology/PD_lambda_0/55.jpg>
Package pdftex.def Info: images/methodology/PD_lambda_0/55.jpg  used on input l
ine 36.
(pdftex.def)             Requested size: 1078.02487pt x 841.14046pt.
 <./images/methodology/PD_lambda_0/55.jpg> <a0,fr54>
<images/methodology/PD_lambda_0/56.jpg, id=467, 1078.0275pt x 841.1425pt>
File: images/methodology/PD_lambda_0/56.jpg Graphic file (type jpg)
<use images/methodology/PD_lambda_0/56.jpg>
Package pdftex.def Info: images/methodology/PD_lambda_0/56.jpg  used on input l
ine 36.
(pdftex.def)             Requested size: 1078.02487pt x 841.14046pt.
 <./images/methodology/PD_lambda_0/56.jpg> <a0,fr55>
<images/methodology/PD_lambda_0/57.jpg, id=478, 1078.0275pt x 841.1425pt>
File: images/methodology/PD_lambda_0/57.jpg Graphic file (type jpg)
<use images/methodology/PD_lambda_0/57.jpg>
Package pdftex.def Info: images/methodology/PD_lambda_0/57.jpg  used on input l
ine 36.
(pdftex.def)             Requested size: 1078.02487pt x 841.14046pt.
 <./images/methodology/PD_lambda_0/57.jpg> <a0,fr56> <a0,fr57>
<images/methodology/PD_lambda_0/59.jpg, id=493, 1078.0275pt x 841.1425pt>
File: images/methodology/PD_lambda_0/59.jpg Graphic file (type jpg)
<use images/methodology/PD_lambda_0/59.jpg>
Package pdftex.def Info: images/methodology/PD_lambda_0/59.jpg  used on input l
ine 36.
(pdftex.def)             Requested size: 1078.02487pt x 841.14046pt.
 <./images/methodology/PD_lambda_0/59.jpg> <a0,fr58>
<images/methodology/PD_lambda_0/60.jpg, id=503, 1078.0275pt x 841.1425pt>
File: images/methodology/PD_lambda_0/60.jpg Graphic file (type jpg)
<use images/methodology/PD_lambda_0/60.jpg>
Package pdftex.def Info: images/methodology/PD_lambda_0/60.jpg  used on input l
ine 36.
(pdftex.def)             Requested size: 1078.02487pt x 841.14046pt.
 <./images/methodology/PD_lambda_0/60.jpg> <a0,fr59>
<images/methodology/PD_lambda_0/61.jpg, id=513, 1078.0275pt x 841.1425pt>
File: images/methodology/PD_lambda_0/61.jpg Graphic file (type jpg)
<use images/methodology/PD_lambda_0/61.jpg>
Package pdftex.def Info: images/methodology/PD_lambda_0/61.jpg  used on input l
ine 36.
(pdftex.def)             Requested size: 1078.02487pt x 841.14046pt.
 <./images/methodology/PD_lambda_0/61.jpg> <a0,fr60>
<a0,fr61> <a0,fr62> <a0,fr63>
<images/methodology/PD_lambda_0/65.jpg, id=538, 1078.0275pt x 841.1425pt>
File: images/methodology/PD_lambda_0/65.jpg Graphic file (type jpg)
<use images/methodology/PD_lambda_0/65.jpg>
Package pdftex.def Info: images/methodology/PD_lambda_0/65.jpg  used on input l
ine 36.
(pdftex.def)             Requested size: 1078.02487pt x 841.14046pt.
 <./images/methodology/PD_lambda_0/65.jpg>
<a0,fr64> <a0,fr65>
<images/methodology/PD_lambda_0/67.jpg, id=553, 1078.0275pt x 841.1425pt>
File: images/methodology/PD_lambda_0/67.jpg Graphic file (type jpg)
<use images/methodology/PD_lambda_0/67.jpg>
Package pdftex.def Info: images/methodology/PD_lambda_0/67.jpg  used on input l
ine 36.
(pdftex.def)             Requested size: 1078.02487pt x 841.14046pt.
 <./images/methodology/PD_lambda_0/67.jpg> <a0,fr66>
<a0,fr67> <a0,fr68>
<images/methodology/PD_lambda_0/70.jpg, id=573, 1078.0275pt x 841.1425pt>
File: images/methodology/PD_lambda_0/70.jpg Graphic file (type jpg)
<use images/methodology/PD_lambda_0/70.jpg>
Package pdftex.def Info: images/methodology/PD_lambda_0/70.jpg  used on input l
ine 36.
(pdftex.def)             Requested size: 1078.02487pt x 841.14046pt.
 <./images/methodology/PD_lambda_0/70.jpg> <a0,fr69>
<images/methodology/PD_lambda_0/71.jpg, id=583, 1078.0275pt x 841.1425pt>
File: images/methodology/PD_lambda_0/71.jpg Graphic file (type jpg)
<use images/methodology/PD_lambda_0/71.jpg>
Package pdftex.def Info: images/methodology/PD_lambda_0/71.jpg  used on input l
ine 36.
(pdftex.def)             Requested size: 1078.02487pt x 841.14046pt.
 <./images/methodology/PD_lambda_0/71.jpg> <a0,fr70>
<images/methodology/PD_lambda_0/72.jpg, id=593, 1078.0275pt x 841.1425pt>
File: images/methodology/PD_lambda_0/72.jpg Graphic file (type jpg)
<use images/methodology/PD_lambda_0/72.jpg>
Package pdftex.def Info: images/methodology/PD_lambda_0/72.jpg  used on input l
ine 36.
(pdftex.def)             Requested size: 1078.02487pt x 841.14046pt.
 <./images/methodology/PD_lambda_0/72.jpg> <a0,fr71> <a0,fr72>
<images/methodology/PD_lambda_0/74.jpg, id=608, 1078.0275pt x 841.1425pt>
File: images/methodology/PD_lambda_0/74.jpg Graphic file (type jpg)
<use images/methodology/PD_lambda_0/74.jpg>
Package pdftex.def Info: images/methodology/PD_lambda_0/74.jpg  used on input l
ine 36.
(pdftex.def)             Requested size: 1078.02487pt x 841.14046pt.
 <./images/methodology/PD_lambda_0/74.jpg>
<a0,fr73> <a0,fr74>
<images/methodology/PD_lambda_0/76.jpg, id=623, 1078.0275pt x 841.1425pt>
File: images/methodology/PD_lambda_0/76.jpg Graphic file (type jpg)
<use images/methodology/PD_lambda_0/76.jpg>
Package pdftex.def Info: images/methodology/PD_lambda_0/76.jpg  used on input l
ine 36.
(pdftex.def)             Requested size: 1078.02487pt x 841.14046pt.
 <./images/methodology/PD_lambda_0/76.jpg> <a0,fr75>
<a0,fr76>
<images/methodology/PD_lambda_0/78.jpg, id=638, 1078.0275pt x 841.1425pt>
File: images/methodology/PD_lambda_0/78.jpg Graphic file (type jpg)
<use images/methodology/PD_lambda_0/78.jpg>
Package pdftex.def Info: images/methodology/PD_lambda_0/78.jpg  used on input l
ine 36.
(pdftex.def)             Requested size: 1078.02487pt x 841.14046pt.
 <./images/methodology/PD_lambda_0/78.jpg> <a0,fr77>
<images/methodology/PD_lambda_0/79.jpg, id=648, 1078.0275pt x 841.1425pt>
File: images/methodology/PD_lambda_0/79.jpg Graphic file (type jpg)
<use images/methodology/PD_lambda_0/79.jpg>
Package pdftex.def Info: images/methodology/PD_lambda_0/79.jpg  used on input l
ine 36.
(pdftex.def)             Requested size: 1078.02487pt x 841.14046pt.
 <./images/methodology/PD_lambda_0/79.jpg> <a0,fr78> <a0,fr79>
<images/methodology/PD_lambda_0/81.jpg, id=663, 1078.0275pt x 841.1425pt>
File: images/methodology/PD_lambda_0/81.jpg Graphic file (type jpg)
<use images/methodology/PD_lambda_0/81.jpg>
Package pdftex.def Info: images/methodology/PD_lambda_0/81.jpg  used on input l
ine 36.
(pdftex.def)             Requested size: 1078.02487pt x 841.14046pt.
 <./images/methodology/PD_lambda_0/81.jpg> <a0,fr80> <a0,fr81>
<images/methodology/PD_lambda_0/83.jpg, id=678, 1078.0275pt x 841.1425pt>
File: images/methodology/PD_lambda_0/83.jpg Graphic file (type jpg)
<use images/methodology/PD_lambda_0/83.jpg>
Package pdftex.def Info: images/methodology/PD_lambda_0/83.jpg  used on input l
ine 36.
(pdftex.def)             Requested size: 1078.02487pt x 841.14046pt.
 <./images/methodology/PD_lambda_0/83.jpg>
<a0,fr82> <a0,fr83>
<images/methodology/PD_lambda_0/85.jpg, id=693, 1078.0275pt x 841.1425pt>
File: images/methodology/PD_lambda_0/85.jpg Graphic file (type jpg)
<use images/methodology/PD_lambda_0/85.jpg>
Package pdftex.def Info: images/methodology/PD_lambda_0/85.jpg  used on input l
ine 36.
(pdftex.def)             Requested size: 1078.02487pt x 841.14046pt.
 <./images/methodology/PD_lambda_0/85.jpg> <a0,fr84>
<a0,fr85>
<images/methodology/PD_lambda_0/87.jpg, id=708, 1078.0275pt x 841.1425pt>
File: images/methodology/PD_lambda_0/87.jpg Graphic file (type jpg)
<use images/methodology/PD_lambda_0/87.jpg>
Package pdftex.def Info: images/methodology/PD_lambda_0/87.jpg  used on input l
ine 36.
(pdftex.def)             Requested size: 1078.02487pt x 841.14046pt.
 <./images/methodology/PD_lambda_0/87.jpg> <a0,fr86> <a0,fr87>
<a0,fr88>
<images/methodology/PD_lambda_0/90.jpg, id=729, 1078.0275pt x 841.1425pt>
File: images/methodology/PD_lambda_0/90.jpg Graphic file (type jpg)
<use images/methodology/PD_lambda_0/90.jpg>
Package pdftex.def Info: images/methodology/PD_lambda_0/90.jpg  used on input l
ine 36.
(pdftex.def)             Requested size: 1078.02487pt x 841.14046pt.
 <./images/methodology/PD_lambda_0/90.jpg> <a0,fr89> <a0,fr90>
<a0,fr91> <a0,fr92>
<images/methodology/PD_lambda_0/94.jpg, id=754, 1078.0275pt x 841.1425pt>
File: images/methodology/PD_lambda_0/94.jpg Graphic file (type jpg)
<use images/methodology/PD_lambda_0/94.jpg>
Package pdftex.def Info: images/methodology/PD_lambda_0/94.jpg  used on input l
ine 36.
(pdftex.def)             Requested size: 1078.02487pt x 841.14046pt.
 <./images/methodology/PD_lambda_0/94.jpg> <a0,fr93>
<a0,fr94>
<images/methodology/PD_lambda_0/96.jpg, id=769, 1078.0275pt x 841.1425pt>
File: images/methodology/PD_lambda_0/96.jpg Graphic file (type jpg)
<use images/methodology/PD_lambda_0/96.jpg>
Package pdftex.def Info: images/methodology/PD_lambda_0/96.jpg  used on input l
ine 36.
(pdftex.def)             Requested size: 1078.02487pt x 841.14046pt.
 <./images/methodology/PD_lambda_0/96.jpg> <a0,fr95>
<images/methodology/PD_lambda_0/97.jpg, id=779, 1078.0275pt x 841.1425pt>
File: images/methodology/PD_lambda_0/97.jpg Graphic file (type jpg)
<use images/methodology/PD_lambda_0/97.jpg>
Package pdftex.def Info: images/methodology/PD_lambda_0/97.jpg  used on input l
ine 36.
(pdftex.def)             Requested size: 1078.02487pt x 841.14046pt.
 <./images/methodology/PD_lambda_0/97.jpg> <a0,fr96>
<images/methodology/PD_lambda_0/98.jpg, id=789, 1078.0275pt x 841.1425pt>
File: images/methodology/PD_lambda_0/98.jpg Graphic file (type jpg)
<use images/methodology/PD_lambda_0/98.jpg>
Package pdftex.def Info: images/methodology/PD_lambda_0/98.jpg  used on input l
ine 36.
(pdftex.def)             Requested size: 1078.02487pt x 841.14046pt.
 <./images/methodology/PD_lambda_0/98.jpg>
<a0,fr97>
<images/methodology/PD_lambda_0/99.jpg, id=799, 1078.0275pt x 841.1425pt>
File: images/methodology/PD_lambda_0/99.jpg Graphic file (type jpg)
<use images/methodology/PD_lambda_0/99.jpg>
Package pdftex.def Info: images/methodology/PD_lambda_0/99.jpg  used on input l
ine 36.
(pdftex.def)             Requested size: 1078.02487pt x 841.14046pt.
 <./images/methodology/PD_lambda_0/99.jpg> <a0,fr98> <a0,fr99>
<a1,fr0> <a1,fr1> <a1,fr2> <a1,fr3> <a1,fr4> <a1,fr5> <a1,fr6> <a1,fr7>
<a1,fr8> <a1,fr9> <a1,fr10> <a1,fr11> <a1,fr12> <a1,fr13> <a1,fr14> <a1,fr15>
<a1,fr16> <a1,fr17> <a1,fr18> <a1,fr19> <a1,fr20> <a1,fr21> <a1,fr22>
<a1,fr23> <a1,fr24> <a1,fr25> <a1,fr26> <a1,fr27> <a1,fr28> <a1,fr29>
<a1,fr30> <a1,fr31> <a1,fr32> <a1,fr33> <a1,fr34> <a1,fr35> <a1,fr36>
<a1,fr37> <a1,fr38> <a1,fr39> <a1,fr40> <a1,fr41> <a1,fr42> <a1,fr43>
<a1,fr44> <a1,fr45> <a1,fr46> <a1,fr47> <a1,fr48> <a1,fr49> <a1,fr50>
<a1,fr51> <a1,fr52> <a1,fr53> <a1,fr54> <a1,fr55> <a1,fr56> <a1,fr57>
<a1,fr58> <a1,fr59> <a1,fr60> <a1,fr61> <a1,fr62> <a1,fr63> <a1,fr64>
<a1,fr65> <a1,fr66> <a1,fr67> <a1,fr68> <a1,fr69> <a1,fr70> <a1,fr71>
<a1,fr72> <a1,fr73> <a1,fr74> <a1,fr75> <a1,fr76> <a1,fr77> <a1,fr78>
<a1,fr79> <a1,fr80> <a1,fr81> <a1,fr82> <a1,fr83> <a1,fr84> <a1,fr85>
<a1,fr86> <a1,fr87> <a1,fr88> <a1,fr89> <a1,fr90> <a1,fr91> <a1,fr92>
<a1,fr93> <a1,fr94> <a1,fr95> <a1,fr96> <a1,fr97> <a1,fr98> <a1,fr99> <a2,fr0>
<a2,fr1> <a2,fr2> <a2,fr3> <a2,fr4> <a2,fr5> <a2,fr6> <a2,fr7> <a2,fr8>
<a2,fr9> <a2,fr10> <a2,fr11> <a2,fr12> <a2,fr13> <a2,fr14> <a2,fr15> <a2,fr16>
<a2,fr17> <a2,fr18> <a2,fr19> <a2,fr20> <a2,fr21> <a2,fr22> <a2,fr23>
<a2,fr24> <a2,fr25> <a2,fr26> <a2,fr27> <a2,fr28> <a2,fr29> <a2,fr30>
<a2,fr31> <a2,fr32> <a2,fr33> <a2,fr34> <a2,fr35> <a2,fr36> <a2,fr37>
<a2,fr38> <a2,fr39> <a2,fr40> <a2,fr41> <a2,fr42> <a2,fr43> <a2,fr44>
<a2,fr45> <a2,fr46> <a2,fr47> <a2,fr48> <a2,fr49> <a2,fr50> <a2,fr51>
<a2,fr52> <a2,fr53> <a2,fr54> <a2,fr55> <a2,fr56> <a2,fr57> <a2,fr58>
<a2,fr59> <a2,fr60> <a2,fr61> <a2,fr62> <a2,fr63> <a2,fr64> <a2,fr65>
<a2,fr66> <a2,fr67> <a2,fr68> <a2,fr69> <a2,fr70> <a2,fr71> <a2,fr72>
<a2,fr73> <a2,fr74> <a2,fr75> <a2,fr76> <a2,fr77> <a2,fr78> <a2,fr79>
<a2,fr80> <a2,fr81> <a2,fr82> <a2,fr83> <a2,fr84> <a2,fr85> <a2,fr86>
<a2,fr87> <a2,fr88> <a2,fr89> <a2,fr90> <a2,fr91> <a2,fr92> <a2,fr93>
<a2,fr94> <a2,fr95> <a2,fr96> <a2,fr97> <a2,fr98> <a2,fr99> [2

]
\tf@nav=\write6
\openout6 = `main.nav'.

\tf@toc=\write7
\openout7 = `main.toc'.

\tf@snm=\write8
\openout8 = `main.snm'.



Package caption Warning: Unused \captionsetup[figure] on input line 21.
See the caption package documentation for explanation.

Package atveryend Info: Empty hook `BeforeClearDocument' on input line 37.
Package atveryend Info: Empty hook `AfterLastShipout' on input line 37.
(./main.aux)
Package atveryend Info: Executing hook `AtVeryEndDocument' on input line 37.
Package atveryend Info: Executing hook `AtEndAfterFileList' on input line 37.
Package rerunfilecheck Info: File `main.out' has not changed.
(rerunfilecheck)             Checksum: C6E9C5720138D55F48D43A952BDCE9C6;46.
 ) 
Here is how much of TeX's memory you used:
 21403 strings out of 481239
 407352 string characters out of 5920377
 703280 words of memory out of 5000000
 36062 multiletter control sequences out of 15000+600000
 536739 words of font info for 40 fonts, out of 8000000 for 9000
 1141 hyphenation exceptions out of 8191
 63i,15n,110p,797b,568s stack positions out of 5000i,500n,10000p,200000b,80000s
</usr/share/texlive/texmf-dist/fonts/type1/public/amsfonts/cm/cmss10.pfb></us
r/share/texlive/texmf-dist/fonts/type1/public/amsfonts/cm/cmss12.pfb></usr/shar
e/texlive/texmf-dist/fonts/type1/public/amsfonts/cm/cmss8.pfb>
Output written on main.pdf (2 pages, 3161748 bytes).
PDF statistics:
 1898 PDF objects out of 2073 (max. 8388607)
 1105 compressed objects within 12 object streams
 6 named destinations out of 1000 (max. 500000)
 4586 words of extra memory for PDF output out of 10000 (max. 10000000)

